<?xml version="1.0" encoding="utf-8"?><testsuites name="pytest tests"><testsuite name="pytest" errors="0" failures="3" skipped="1" tests="24" time="31.395" timestamp="2026-02-02T10:42:04.914029+00:00" hostname="agent-env-113f2ed5-4c36-4f79-a037-b9024d813d4e"><testcase classname="backend.tests.test_auth_ai_ml.TestAPIHealth" name="test_api_root" time="0.102" /><testcase classname="backend.tests.test_auth_ai_ml.TestUserRegistration" name="test_register_viewer" time="0.289" /><testcase classname="backend.tests.test_auth_ai_ml.TestUserRegistration" name="test_register_analyst" time="0.263" /><testcase classname="backend.tests.test_auth_ai_ml.TestUserRegistration" name="test_register_admin" time="0.078" /><testcase classname="backend.tests.test_auth_ai_ml.TestUserRegistration" name="test_register_invalid_role" time="0.038" /><testcase classname="backend.tests.test_auth_ai_ml.TestUserLogin" name="test_login_admin" time="0.295" /><testcase classname="backend.tests.test_auth_ai_ml.TestUserLogin" name="test_login_invalid_credentials" time="0.260" /><testcase classname="backend.tests.test_auth_ai_ml.TestUserLogin" name="test_login_nonexistent_user" time="0.038" /><testcase classname="backend.tests.test_auth_ai_ml.TestAuthenticatedEndpoints" name="test_get_current_user" time="0.330" /><testcase classname="backend.tests.test_auth_ai_ml.TestAuthenticatedEndpoints" name="test_list_users_as_admin" time="0.342" /><testcase classname="backend.tests.test_auth_ai_ml.TestAuthenticatedEndpoints" name="test_list_users_as_viewer_forbidden" time="0.301" /><testcase classname="backend.tests.test_auth_ai_ml.TestAuditLogs" name="test_get_audit_logs_as_admin" time="0.339" /><testcase classname="backend.tests.test_auth_ai_ml.TestAuditLogs" name="test_get_audit_logs_as_viewer_forbidden" time="0.292" /><testcase classname="backend.tests.test_auth_ai_ml.TestAIAnalytics" name="test_ai_analyze_data" time="7.578" /><testcase classname="backend.tests.test_auth_ai_ml.TestAIAnalytics" name="test_ai_prescriptive_analytics" time="10.106" /><testcase classname="backend.tests.test_auth_ai_ml.TestAIAnalytics" name="test_ai_describe_chart" time="2.710" /><testcase classname="backend.tests.test_auth_ai_ml.TestMLModels" name="test_ml_prediction" time="0.071"><skipped type="pytest.skip" message="Not enough numeric columns for prediction">/app/backend/tests/test_auth_ai_ml.py:362: Not enough numeric columns for prediction</skipped></testcase><testcase classname="backend.tests.test_auth_ai_ml.TestMLModels" name="test_ml_clustering" time="6.295" /><testcase classname="backend.tests.test_auth_ai_ml.TestMLModels" name="test_ml_prediction_missing_target" time="0.093"><failure message="assert 520 == 400&#10; +  where 520 = &lt;Response [520]&gt;.status_code">backend/tests/test_auth_ai_ml.py:421: in test_ml_prediction_missing_target
    assert response.status_code == 400
E   assert 520 == 400
E    +  where 520 = &lt;Response [520]&gt;.status_code</failure></testcase><testcase classname="backend.tests.test_auth_ai_ml.TestDatasets" name="test_list_datasets" time="0.038" /><testcase classname="backend.tests.test_auth_ai_ml.TestDatasets" name="test_get_dataset_by_id" time="0.078"><failure message="KeyError: 'id'">backend/tests/test_auth_ai_ml.py:456: in test_get_dataset_by_id
    assert data["id"] == dataset_id
           ^^^^^^^^^^
E   KeyError: 'id'</failure></testcase><testcase classname="backend.tests.test_auth_ai_ml.TestDatasets" name="test_get_dataset_data" time="0.069"><failure message="assert 404 == 200&#10; +  where 404 = &lt;Response [404]&gt;.status_code">backend/tests/test_auth_ai_ml.py:468: in test_get_dataset_data
    assert response.status_code == 200
E   assert 404 == 200
E    +  where 404 = &lt;Response [404]&gt;.status_code</failure></testcase><testcase classname="backend.tests.test_auth_ai_ml.TestRBAC" name="test_admin_can_update_user_role" time="0.608" /><testcase classname="backend.tests.test_auth_ai_ml.TestRBAC" name="test_admin_can_toggle_user_status" time="0.584" /></testsuite></testsuites>